<?xml version="1.0" encoding="UTF-8"?>

<!--********************************************************************
Copyright 2016 Katherine Yoshiwara


*********************************************************************-->
<!-- This just inserts a draft xml section file     -->
<mathbook xmlns:xi="http://www.w3.org/2001/XInclude" xml:lang="en-US">

<xi:include href="./bookinfo.xml" />   <!-- ISBN, website, other metadata -->

<book xml:id="Test-Section">
   <title>Testing section</title>
   <subtitle>test subtitle</subtitle>


        <chapter xml:id="testchap">
            <title>Fake chapter</title>
            <introduction><p>This is a fake chapter intro.</p>
            </introduction>

            <xi:include href="./section-10-3.xml" />
<!--   
<xi:include href="./section-8-5.xml" />
<xi:include href="./chap5-summary.xml" />  
 <xi:include href="./chap4-rev-projects.xml" />  
<xi:include href="./appendix-a.xml" /> 

-->

    </chapter>
<!--<appendix> -->
<!--     <xi:include href="./backmatter.xml" />    --> 

<!--</appendix> -->
<!--    <xi:include href="./bibliography.xml" />  -->      <!--  bibliography  -->

   <!-- Index follows appendices, preceded only colophon -->
<!--    <index-part>

        <index-list />
    </index-part>

    <colophon>
        <p>This book was authored in MathBook XML.</p>
    </colophon>
-->
    <xi:include href="./backmatter.xml" />       


</book>
</mathbook>